Wed Oct 26 14:07:36 UTC 2022 Beginning cis_lvl2 baseline scan
Wed Oct 26 14:07:36 UTC 2022 audit_acls_files_configure passed (Result: 0, Expected: {integer: 0})
Wed Oct 26 14:07:37 UTC 2022 audit_acls_folders_configure passed (Result: 0, Expected: {integer: 0})
Wed Oct 26 14:07:37 UTC 2022 audit_auditd_enabled passed (Result: 1, Expected: {integer: 1})
Wed Oct 26 14:07:38 UTC 2022 audit_control_acls_configure passed (Result: 0, Expected: {integer: 0})
Wed Oct 26 14:07:38 UTC 2022 audit_control_group_configure passed (Result: 0, Expected: {integer: 0})
Wed Oct 26 14:07:38 UTC 2022 audit_control_mode_configure failed (Result: 1, Expected: {integer: 0})
Wed Oct 26 14:07:38 UTC 2022 audit_control_owner_configure passed (Result: 0, Expected: {integer: 0})
Wed Oct 26 14:07:39 UTC 2022 audit_files_group_configure passed (Result: 0, Expected: {integer: 0})
Wed Oct 26 14:07:39 UTC 2022 audit_files_mode_configure passed (Result: 0, Expected: {integer: 0})
Wed Oct 26 14:07:39 UTC 2022 audit_files_owner_configure passed (Result: 0, Expected: {integer: 0})
Wed Oct 26 14:07:40 UTC 2022 audit_flags_aa_configure passed (Result: 1, Expected: {integer: 1})
Wed Oct 26 14:07:40 UTC 2022 audit_flags_ad_configure failed (Result: 0, Expected: {integer: 1})
Wed Oct 26 14:07:40 UTC 2022 audit_flags_ex_configure failed (Result: 0, Expected: {integer: 1})
Wed Oct 26 14:07:41 UTC 2022 audit_flags_fm_failed_configure failed (Result: 0, Expected: {integer: 1})
Wed Oct 26 14:07:41 UTC 2022 audit_flags_fr_configure failed (Result: 0, Expected: {integer: 1})
Wed Oct 26 14:07:42 UTC 2022 audit_flags_fw_configure failed (Result: 0, Expected: {integer: 1})
Wed Oct 26 14:07:42 UTC 2022 audit_flags_lo_configure passed (Result: 1, Expected: {integer: 1})
Wed Oct 26 14:07:42 UTC 2022 audit_folder_group_configure passed (Result: 0, Expected: {integer: 0})
Wed Oct 26 14:07:43 UTC 2022 audit_folder_owner_configure passed (Result: 0, Expected: {integer: 0})
Wed Oct 26 14:07:43 UTC 2022 audit_folders_mode_configure passed (Result: 700, Expected: {integer: 700})
Wed Oct 26 14:07:43 UTC 2022 audit_retention_configure failed (Result: 10M, Expected: {string: 60d or 5g})
Wed Oct 26 14:07:44 UTC 2022 icloud_sync_disable failed (Result: , Expected: {string: false})
Wed Oct 26 14:07:44 UTC 2022 os_airdrop_disable failed (Result: , Expected: {string: false})
Wed Oct 26 14:07:44 UTC 2022 os_authenticated_root_enable passed (Result: 1, Expected: {integer: 1})
Wed Oct 26 14:07:45 UTC 2022 os_bonjour_disable failed (Result: , Expected: {string: true})
Wed Oct 26 14:07:45 UTC 2022 os_config_data_install_enforce passed (Result: true, Expected: {string: true})
Wed Oct 26 14:07:46 UTC 2022 os_efi_integrity_validated failed (Result: 0, Expected: {integer: 1})
Wed Oct 26 14:07:46 UTC 2022 os_firewall_log_enable failed (Result: false, Expected: {string: true})
Wed Oct 26 14:07:46 UTC 2022 os_gatekeeper_enable passed (Result: 1, Expected: {integer: 1})
Wed Oct 26 14:07:47 UTC 2022 os_guest_folder_removed passed (Result: 0, Expected: {integer: 0})
Wed Oct 26 14:07:47 UTC 2022 os_hibernate_mode_destroyfvkeyonstandby_enable failed (Result: , Expected: {string: true})
Wed Oct 26 14:07:47 UTC 2022 os_hibernate_mode_enable passed (Result: 0, Expected: {integer: 0})
Wed Oct 26 14:07:48 UTC 2022 os_home_folders_secure passed (Result: 0, Expected: {integer: 0})
Wed Oct 26 14:07:48 UTC 2022 os_httpd_disable failed (Result: 0, Expected: {integer: 1})
Wed Oct 26 14:07:48 UTC 2022 os_install_log_retention_configure failed (Result: TTL not configured, Expected: {string: yes})
Wed Oct 26 14:07:49 UTC 2022 os_mobile_file_integrity_enable passed (Result: 0, Expected: {integer: 0})
Wed Oct 26 14:07:49 UTC 2022 os_nfsd_disable failed (Result: 0, Expected: {integer: 1})
Wed Oct 26 14:07:49 UTC 2022 os_password_hint_remove passed (Result: 0, Expected: {integer: 0})
Wed Oct 26 14:07:50 UTC 2022 os_policy_banner_loginwindow_enforce failed (Result: 0, Expected: {integer: 1})
Wed Oct 26 14:07:50 UTC 2022 os_power_nap_disable failed (Result: 1, Expected: {integer: 0})
Wed Oct 26 14:07:50 UTC 2022 os_safari_open_safe_downloads_disable failed (Result: 0, Expected: {integer: 1})
Wed Oct 26 14:07:51 UTC 2022 os_show_filename_extensions_enable failed (Result: , Expected: {boolean: 1})
Wed Oct 26 14:07:52 UTC 2022 os_software_update_deferral passed (Result: true, Expected: {string: true})
Wed Oct 26 14:07:52 UTC 2022 os_sudo_timeout_configure failed (Result: 0, Expected: {integer: 1})
Wed Oct 26 14:07:52 UTC 2022 os_sudoers_timestamp_type_configure passed (Result: tty, Expected: {string: tty})
Wed Oct 26 14:07:53 UTC 2022 os_system_wide_applications_configure passed (Result: 0, Expected: {integer: 0})
Wed Oct 26 14:07:53 UTC 2022 os_terminal_secure_keyboard_enable failed (Result: , Expected: {string: true})
Wed Oct 26 14:07:54 UTC 2022 os_time_offset_limit_configure passed (Result: Yes, Expected: {string: yes})
Wed Oct 26 14:07:54 UTC 2022 os_unlock_active_user_session_disable passed (Result: 1, Expected: {integer: 1})
Wed Oct 26 14:07:58 UTC 2022 os_world_writable_library_folder_configure passed (Result: 0, Expected: {integer: 0})
Wed Oct 26 14:07:59 UTC 2022 os_world_writable_system_folder_configure passed (Result: 0, Expected: {integer: 0})
Wed Oct 26 14:07:59 UTC 2022 pwpolicy_account_lockout_enforce failed (Result: , Expected: {string: yes})
Wed Oct 26 14:08:00 UTC 2022 pwpolicy_alpha_numeric_enforce failed (Result: 0, Expected: {integer: 1})
Wed Oct 26 14:08:00 UTC 2022 pwpolicy_history_enforce failed (Result: , Expected: {string: yes})
Wed Oct 26 14:08:00 UTC 2022 pwpolicy_lower_case_character_enforce failed (Result: , Expected: {string: yes})
Wed Oct 26 14:08:01 UTC 2022 pwpolicy_minimum_length_enforce failed (Result: false, Expected: {string: true})
Wed Oct 26 14:08:01 UTC 2022 pwpolicy_special_character_enforce failed (Result: false, Expected: {string: true})
Wed Oct 26 14:08:01 UTC 2022 pwpolicy_upper_case_character_enforce failed (Result: , Expected: {string: yes})
Wed Oct 26 14:08:02 UTC 2022 system_settings_airplay_receiver_disable failed (Result: , Expected: {string: false})
Wed Oct 26 14:08:02 UTC 2022 system_settings_automatic_login_disable failed (Result: , Expected: {string: true})
Wed Oct 26 14:08:03 UTC 2022 system_settings_bluetooth_menu_enable failed (Result: , Expected: {integer: 18})
Wed Oct 26 14:08:03 UTC 2022 system_settings_bluetooth_sharing_disable failed (Result: , Expected: {boolean: 0})
Wed Oct 26 14:08:03 UTC 2022 system_settings_cd_dvd_sharing_disable passed (Result: 1, Expected: {integer: 1})
Wed Oct 26 14:08:04 UTC 2022 system_settings_content_caching_disable failed (Result: , Expected: {string: false})
Wed Oct 26 14:08:04 UTC 2022 system_settings_critical_update_install_enforce passed (Result: true, Expected: {string: true})
Wed Oct 26 14:08:05 UTC 2022 system_settings_diagnostics_reports_disable failed (Result: false, Expected: {string: true})
Wed Oct 26 14:08:05 UTC 2022 system_settings_filevault_enforce failed (Result: 0, Expected: {integer: 1})
Wed Oct 26 14:08:05 UTC 2022 system_settings_firewall_enable failed (Result: , Expected: {string: true})
Wed Oct 26 14:08:06 UTC 2022 system_settings_firewall_stealth_mode_enable failed (Result: , Expected: {string: true})
Wed Oct 26 14:08:06 UTC 2022 system_settings_guest_access_smb_disable failed (Result: , Expected: {boolean: 0})
Wed Oct 26 14:08:07 UTC 2022 system_settings_guest_account_disable failed (Result: , Expected: {string: true})
Wed Oct 26 14:08:07 UTC 2022 system_settings_hot_corners_secure passed (Result: 0, Expected: {integer: 0})
Wed Oct 26 14:08:08 UTC 2022 system_settings_install_macos_updates_enforce failed (Result: false, Expected: {string: true})
Wed Oct 26 14:08:08 UTC 2022 system_settings_internet_sharing_disable failed (Result: , Expected: {string: true})
Wed Oct 26 14:08:08 UTC 2022 system_settings_location_services_enable passed (Result: true, Expected: {string: true})
Wed Oct 26 14:08:09 UTC 2022 system_settings_location_services_menu_enforce failed (Result: , Expected: {string: true})
Wed Oct 26 14:08:09 UTC 2022 system_settings_loginwindow_loginwindowtext_enable failed (Result: , Expected: {string: center for internet security test message})
Wed Oct 26 14:08:10 UTC 2022 system_settings_loginwindow_prompt_username_password_enforce failed (Result: , Expected: {string: true})
Wed Oct 26 14:08:10 UTC 2022 system_settings_media_sharing_disabled failed (Result: false, Expected: {string: true})
Wed Oct 26 14:08:10 UTC 2022 system_settings_password_hints_disable failed (Result: , Expected: {integer: 0})
Wed Oct 26 14:08:11 UTC 2022 system_settings_personalized_advertising_disable failed (Result: , Expected: {string: false})
Wed Oct 26 14:08:11 UTC 2022 system_settings_printer_sharing_disable passed (Result: 1, Expected: {boolean: 1})
Wed Oct 26 14:08:12 UTC 2022 system_settings_rae_disable failed (Result: 0, Expected: {integer: 1})
Wed Oct 26 14:08:13 UTC 2022 system_settings_remote_management_disable passed (Result: 1, Expected: {integer: 1})
Wed Oct 26 14:08:13 UTC 2022 system_settings_screen_sharing_disable failed (Result: 0, Expected: {integer: 1})
Wed Oct 26 14:08:14 UTC 2022 system_settings_screensaver_ask_for_password_delay_enforce failed (Result: false, Expected: {string: true})
Wed Oct 26 14:08:14 UTC 2022 system_settings_screensaver_timeout_enforce failed (Result: false, Expected: {string: true})
Wed Oct 26 14:08:14 UTC 2022 system_settings_smbd_disable failed (Result: 0, Expected: {integer: 1})
Wed Oct 26 14:08:15 UTC 2022 system_settings_software_update_app_update_enforce failed (Result: , Expected: {string: true})
Wed Oct 26 14:08:15 UTC 2022 system_settings_software_update_download_enforce failed (Result: false, Expected: {string: true})
Wed Oct 26 14:08:15 UTC 2022 system_settings_software_update_enforce passed (Result: true, Expected: {string: true})
Wed Oct 26 14:08:16 UTC 2022 system_settings_softwareupdate_current passed (Result: 1, Expected: {integer: 1})
Wed Oct 26 14:08:17 UTC 2022 system_settings_system_wide_preferences_configure failed (Result: 0, Expected: {integer: 1})
Wed Oct 26 14:08:17 UTC 2022 system_settings_time_machine_auto_backup_enable failed (Result: , Expected: {string: true})
Wed Oct 26 14:08:17 UTC 2022 system_settings_time_machine_encrypted_configure passed (Result: 0, Expected: {integer: 0})
Wed Oct 26 14:08:18 UTC 2022 system_settings_time_server_configure failed (Result: , Expected: {string: time.apple.com})
Wed Oct 26 14:08:18 UTC 2022 system_settings_time_server_enforce failed (Result: , Expected: {string: true})
Wed Oct 26 14:08:19 UTC 2022 system_settings_wake_network_access_disable failed (Result: , Expected: {integer: 0})
Wed Oct 26 14:08:19 UTC 2022 system_settings_wifi_menu_enable failed (Result: , Expected: {integer: 18})
Wed Oct 26 14:35:33 UTC 2022 Beginning remediation of non-compliant settings
Settings for: audit_acls_files_configure already configured, continuing...
Settings for: audit_acls_folders_configure already configured, continuing...
Settings for: audit_auditd_enabled already configured, continuing...
Settings for: audit_control_acls_configure already configured, continuing...
Settings for: audit_control_group_configure already configured, continuing...
Running the command to configure the settings for: audit_control_mode_configure ...
Settings for: audit_control_owner_configure already configured, continuing...
Settings for: audit_files_group_configure already configured, continuing...
Settings for: audit_files_mode_configure already configured, continuing...
Settings for: audit_files_owner_configure already configured, continuing...
Settings for: audit_flags_aa_configure already configured, continuing...
Running the command to configure the settings for: audit_flags_ad_configure ...
Running the command to configure the settings for: audit_flags_ex_configure ...
Running the command to configure the settings for: audit_flags_fm_failed_configure ...
Running the command to configure the settings for: audit_flags_fr_configure ...
Running the command to configure the settings for: audit_flags_fw_configure ...
Settings for: audit_flags_lo_configure already configured, continuing...
Settings for: audit_folder_group_configure already configured, continuing...
Settings for: audit_folder_owner_configure already configured, continuing...
Settings for: audit_folders_mode_configure already configured, continuing...
Running the command to configure the settings for: audit_retention_configure ...
Settings for: os_authenticated_root_enable already configured, continuing...
Settings for: os_gatekeeper_enable already configured, continuing...
Settings for: os_guest_folder_removed already configured, continuing...
Settings for: os_hibernate_mode_enable already configured, continuing...
Settings for: os_home_folders_secure already configured, continuing...
Running the command to configure the settings for: os_httpd_disable ...
Running the command to configure the settings for: os_install_log_retention_configure ...
Settings for: os_mobile_file_integrity_enable already configured, continuing...
Running the command to configure the settings for: os_nfsd_disable ...
Settings for: os_password_hint_remove already configured, continuing...
Running the command to configure the settings for: os_policy_banner_loginwindow_enforce ...
Running the command to configure the settings for: os_power_nap_disable ...
Running the command to configure the settings for: os_show_filename_extensions_enable ...
Running the command to configure the settings for: os_sudo_timeout_configure ...
Settings for: os_sudoers_timestamp_type_configure already configured, continuing...
Settings for: os_system_wide_applications_configure already configured, continuing...
Settings for: os_time_offset_limit_configure already configured, continuing...
Settings for: os_unlock_active_user_session_disable already configured, continuing...
Settings for: os_world_writable_library_folder_configure already configured, continuing...
Settings for: os_world_writable_system_folder_configure already configured, continuing...
Running the command to configure the settings for: pwpolicy_lower_case_character_enforce ...
Running the command to configure the settings for: pwpolicy_upper_case_character_enforce ...
Running the command to configure the settings for: system_settings_bluetooth_sharing_disable ...
Settings for: system_settings_cd_dvd_sharing_disable already configured, continuing...
Running the command to configure the settings for: system_settings_guest_access_smb_disable ...
Settings for: system_settings_hot_corners_secure already configured, continuing...
Settings for: system_settings_location_services_enable already configured, continuing...
Settings for: system_settings_printer_sharing_disable already configured, continuing...
Running the command to configure the settings for: system_settings_rae_disable ...
Settings for: system_settings_remote_management_disable already configured, continuing...
Running the command to configure the settings for: system_settings_screen_sharing_disable ...
Running the command to configure the settings for: system_settings_smbd_disable ...
Settings for: system_settings_softwareupdate_current already configured, continuing...
Running the command to configure the settings for: system_settings_system_wide_preferences_configure ...
Running the command to configure the settings for: system_settings_wake_network_access_disable ...
Wed Oct 26 14:36:00 UTC 2022 Remediation complete
Wed Oct 26 14:41:03 UTC 2022 Beginning cis_lvl2 baseline scan
Wed Oct 26 14:41:11 UTC 2022 audit_acls_files_configure passed (Result: 0, Expected: {integer: 0})
Wed Oct 26 14:41:11 UTC 2022 audit_acls_folders_configure passed (Result: 0, Expected: {integer: 0})
Wed Oct 26 14:41:12 UTC 2022 audit_auditd_enabled passed (Result: 1, Expected: {integer: 1})
Wed Oct 26 14:41:12 UTC 2022 audit_control_acls_configure passed (Result: 0, Expected: {integer: 0})
Wed Oct 26 14:41:13 UTC 2022 audit_control_group_configure passed (Result: 0, Expected: {integer: 0})
Wed Oct 26 14:41:13 UTC 2022 audit_control_mode_configure passed (Result: 0, Expected: {integer: 0})
Wed Oct 26 14:41:14 UTC 2022 audit_control_owner_configure passed (Result: 0, Expected: {integer: 0})
Wed Oct 26 14:41:14 UTC 2022 audit_files_group_configure passed (Result: 0, Expected: {integer: 0})
Wed Oct 26 14:41:15 UTC 2022 audit_files_mode_configure passed (Result: 0, Expected: {integer: 0})
Wed Oct 26 14:41:15 UTC 2022 audit_files_owner_configure passed (Result: 0, Expected: {integer: 0})
Wed Oct 26 14:41:15 UTC 2022 audit_flags_aa_configure passed (Result: 1, Expected: {integer: 1})
Wed Oct 26 14:41:16 UTC 2022 audit_flags_ad_configure passed (Result: 1, Expected: {integer: 1})
Wed Oct 26 14:41:16 UTC 2022 audit_flags_ex_configure passed (Result: 1, Expected: {integer: 1})
Wed Oct 26 14:41:17 UTC 2022 audit_flags_fm_failed_configure passed (Result: 1, Expected: {integer: 1})
Wed Oct 26 14:41:17 UTC 2022 audit_flags_fr_configure passed (Result: 1, Expected: {integer: 1})
Wed Oct 26 14:41:18 UTC 2022 audit_flags_fw_configure passed (Result: 1, Expected: {integer: 1})
Wed Oct 26 14:41:18 UTC 2022 audit_flags_lo_configure passed (Result: 1, Expected: {integer: 1})
Wed Oct 26 14:41:19 UTC 2022 audit_folder_group_configure passed (Result: 0, Expected: {integer: 0})
Wed Oct 26 14:41:19 UTC 2022 audit_folder_owner_configure passed (Result: 0, Expected: {integer: 0})
Wed Oct 26 14:41:20 UTC 2022 audit_folders_mode_configure passed (Result: 700, Expected: {integer: 700})
Wed Oct 26 14:41:20 UTC 2022 audit_retention_configure passed (Result: 60d OR 5G, Expected: {string: 60d or 5g})
Wed Oct 26 14:41:21 UTC 2022 icloud_sync_disable passed (Result: false, Expected: {string: false})
Wed Oct 26 14:41:21 UTC 2022 os_airdrop_disable passed (Result: false, Expected: {string: false})
Wed Oct 26 14:41:22 UTC 2022 os_authenticated_root_enable passed (Result: 1, Expected: {integer: 1})
Wed Oct 26 14:41:22 UTC 2022 os_bonjour_disable passed (Result: true, Expected: {string: true})
Wed Oct 26 14:41:23 UTC 2022 os_config_data_install_enforce passed (Result: true, Expected: {string: true})
Wed Oct 26 14:41:23 UTC 2022 os_efi_integrity_validated failed (Result: 0, Expected: {integer: 1})
Wed Oct 26 14:41:24 UTC 2022 os_firewall_log_enable passed (Result: true, Expected: {string: true})
Wed Oct 26 14:41:24 UTC 2022 os_gatekeeper_enable passed (Result: 1, Expected: {integer: 1})
Wed Oct 26 14:41:25 UTC 2022 os_guest_folder_removed passed (Result: 0, Expected: {integer: 0})
Wed Oct 26 14:41:25 UTC 2022 os_hibernate_mode_destroyfvkeyonstandby_enable passed (Result: true, Expected: {string: true})
Wed Oct 26 14:41:25 UTC 2022 os_hibernate_mode_enable passed (Result: 0, Expected: {integer: 0})
Wed Oct 26 14:41:26 UTC 2022 os_home_folders_secure passed (Result: 0, Expected: {integer: 0})
Wed Oct 26 14:41:26 UTC 2022 os_httpd_disable passed (Result: 1, Expected: {integer: 1})
Wed Oct 26 14:41:27 UTC 2022 os_install_log_retention_configure passed (Result: Yes, Expected: {string: yes})
Wed Oct 26 14:41:27 UTC 2022 os_mobile_file_integrity_enable passed (Result: 0, Expected: {integer: 0})
Wed Oct 26 14:41:28 UTC 2022 os_nfsd_disable passed (Result: 1, Expected: {integer: 1})
Wed Oct 26 14:41:28 UTC 2022 os_password_hint_remove passed (Result: 0, Expected: {integer: 0})
Wed Oct 26 14:41:29 UTC 2022 os_policy_banner_loginwindow_enforce passed (Result: 1, Expected: {integer: 1})
Wed Oct 26 14:41:29 UTC 2022 os_power_nap_disable passed (Result: 0, Expected: {integer: 0})
Wed Oct 26 14:41:30 UTC 2022 os_safari_open_safe_downloads_disable passed (Result: 1, Expected: {integer: 1})
Wed Oct 26 14:41:31 UTC 2022 os_show_filename_extensions_enable passed (Result: 1, Expected: {boolean: 1})
Wed Oct 26 14:41:31 UTC 2022 os_software_update_deferral passed (Result: true, Expected: {string: true})
Wed Oct 26 14:41:32 UTC 2022 os_sudo_timeout_configure passed (Result: 1, Expected: {integer: 1})
Wed Oct 26 14:41:32 UTC 2022 os_sudoers_timestamp_type_configure passed (Result: tty, Expected: {string: tty})
Wed Oct 26 14:41:33 UTC 2022 os_system_wide_applications_configure passed (Result: 0, Expected: {integer: 0})
Wed Oct 26 14:41:33 UTC 2022 os_terminal_secure_keyboard_enable passed (Result: true, Expected: {string: true})
Wed Oct 26 14:41:34 UTC 2022 os_time_offset_limit_configure passed (Result: Yes, Expected: {string: yes})
Wed Oct 26 14:41:34 UTC 2022 os_unlock_active_user_session_disable passed (Result: 1, Expected: {integer: 1})
Wed Oct 26 14:41:39 UTC 2022 os_world_writable_library_folder_configure passed (Result: 0, Expected: {integer: 0})
Wed Oct 26 14:41:40 UTC 2022 os_world_writable_system_folder_configure passed (Result: 0, Expected: {integer: 0})
Wed Oct 26 14:41:41 UTC 2022 pwpolicy_account_lockout_enforce failed (Result: yes
yes, Expected: {string: yes})
Wed Oct 26 14:41:41 UTC 2022 pwpolicy_alpha_numeric_enforce passed (Result: 1, Expected: {integer: 1})
Wed Oct 26 14:41:42 UTC 2022 pwpolicy_history_enforce failed (Result: yes
no, Expected: {string: yes})
Wed Oct 26 14:41:42 UTC 2022 pwpolicy_lower_case_character_enforce passed (Result: yes, Expected: {string: yes})
Wed Oct 26 14:41:43 UTC 2022 pwpolicy_minimum_length_enforce passed (Result: true, Expected: {string: true})
Wed Oct 26 14:41:43 UTC 2022 pwpolicy_special_character_enforce passed (Result: true, Expected: {string: true})
Wed Oct 26 14:41:43 UTC 2022 pwpolicy_upper_case_character_enforce failed (Result: , Expected: {string: yes})
Wed Oct 26 14:41:44 UTC 2022 system_settings_airplay_receiver_disable passed (Result: false, Expected: {string: false})
Wed Oct 26 14:41:44 UTC 2022 system_settings_automatic_login_disable passed (Result: true, Expected: {string: true})
Wed Oct 26 14:41:45 UTC 2022 system_settings_bluetooth_menu_enable passed (Result: 18, Expected: {integer: 18})
Wed Oct 26 14:41:45 UTC 2022 system_settings_bluetooth_sharing_disable passed (Result: 0, Expected: {boolean: 0})
Wed Oct 26 14:41:46 UTC 2022 system_settings_cd_dvd_sharing_disable passed (Result: 1, Expected: {integer: 1})
Wed Oct 26 14:41:46 UTC 2022 system_settings_content_caching_disable passed (Result: false, Expected: {string: false})
Wed Oct 26 14:41:47 UTC 2022 system_settings_critical_update_install_enforce passed (Result: true, Expected: {string: true})
Wed Oct 26 14:41:47 UTC 2022 system_settings_diagnostics_reports_disable passed (Result: true, Expected: {string: true})
Wed Oct 26 14:41:48 UTC 2022 system_settings_filevault_enforce failed (Result: 0, Expected: {integer: 1})
Wed Oct 26 14:41:48 UTC 2022 system_settings_firewall_enable passed (Result: true, Expected: {string: true})
Wed Oct 26 14:41:48 UTC 2022 system_settings_firewall_stealth_mode_enable passed (Result: true, Expected: {string: true})
Wed Oct 26 14:41:49 UTC 2022 system_settings_guest_access_smb_disable passed (Result: 0, Expected: {boolean: 0})
Wed Oct 26 14:41:50 UTC 2022 system_settings_guest_account_disable passed (Result: true, Expected: {string: true})
Wed Oct 26 14:41:50 UTC 2022 system_settings_hot_corners_secure passed (Result: 0, Expected: {integer: 0})
Wed Oct 26 14:41:51 UTC 2022 system_settings_install_macos_updates_enforce passed (Result: true, Expected: {string: true})
Wed Oct 26 14:41:51 UTC 2022 system_settings_internet_sharing_disable passed (Result: true, Expected: {string: true})
Wed Oct 26 14:41:52 UTC 2022 system_settings_location_services_enable passed (Result: true, Expected: {string: true})
Wed Oct 26 14:41:52 UTC 2022 system_settings_location_services_menu_enforce passed (Result: true, Expected: {string: true})
Wed Oct 26 14:41:53 UTC 2022 system_settings_loginwindow_loginwindowtext_enable passed (Result: Center for Internet Security Test Message, Expected: {string: center for internet security test message})
Wed Oct 26 14:41:53 UTC 2022 system_settings_loginwindow_prompt_username_password_enforce passed (Result: true, Expected: {string: true})
Wed Oct 26 14:41:53 UTC 2022 system_settings_media_sharing_disabled passed (Result: true, Expected: {string: true})
Wed Oct 26 14:41:54 UTC 2022 system_settings_password_hints_disable passed (Result: 0, Expected: {integer: 0})
Wed Oct 26 14:41:54 UTC 2022 system_settings_personalized_advertising_disable passed (Result: false, Expected: {string: false})
Wed Oct 26 14:41:55 UTC 2022 system_settings_printer_sharing_disable passed (Result: 1, Expected: {boolean: 1})
Wed Oct 26 14:41:55 UTC 2022 system_settings_rae_disable passed (Result: 1, Expected: {integer: 1})
Wed Oct 26 14:41:57 UTC 2022 system_settings_remote_management_disable passed (Result: 1, Expected: {integer: 1})
Wed Oct 26 14:41:57 UTC 2022 system_settings_screen_sharing_disable passed (Result: 1, Expected: {integer: 1})
Wed Oct 26 14:41:57 UTC 2022 system_settings_screensaver_ask_for_password_delay_enforce passed (Result: true, Expected: {string: true})
Wed Oct 26 14:41:58 UTC 2022 system_settings_screensaver_timeout_enforce passed (Result: true, Expected: {string: true})
Wed Oct 26 14:41:58 UTC 2022 system_settings_smbd_disable passed (Result: 1, Expected: {integer: 1})
Wed Oct 26 14:41:58 UTC 2022 system_settings_software_update_app_update_enforce passed (Result: true, Expected: {string: true})
Wed Oct 26 14:41:59 UTC 2022 system_settings_software_update_download_enforce passed (Result: true, Expected: {string: true})
Wed Oct 26 14:41:59 UTC 2022 system_settings_software_update_enforce passed (Result: true, Expected: {string: true})
Wed Oct 26 14:42:00 UTC 2022 system_settings_softwareupdate_current passed (Result: 1, Expected: {integer: 1})
Wed Oct 26 14:42:01 UTC 2022 system_settings_system_wide_preferences_configure passed (Result: 1, Expected: {integer: 1})
Wed Oct 26 14:42:01 UTC 2022 system_settings_time_machine_auto_backup_enable passed (Result: true, Expected: {string: true})
Wed Oct 26 14:42:02 UTC 2022 system_settings_time_machine_encrypted_configure passed (Result: 0, Expected: {integer: 0})
Wed Oct 26 14:42:02 UTC 2022 system_settings_time_server_configure passed (Result: time.apple.com, Expected: {string: time.apple.com})
Wed Oct 26 14:42:03 UTC 2022 system_settings_time_server_enforce passed (Result: true, Expected: {string: true})
Wed Oct 26 14:42:03 UTC 2022 system_settings_wake_network_access_disable failed (Result: , Expected: {integer: 0})
Wed Oct 26 14:42:04 UTC 2022 system_settings_wifi_menu_enable passed (Result: 18, Expected: {integer: 18})
