Sat Oct 22 19:59:01 UTC 2022 Beginning cisv8 baseline scan
Sat Oct 22 19:59:02 UTC 2022 audit_auditd_enabled passed (Result: 1, Expected: {integer: 1})
Sat Oct 22 19:59:02 UTC 2022 audit_flags_aa_configure passed (Result: 1, Expected: {integer: 1})
Sat Oct 22 19:59:03 UTC 2022 audit_flags_ad_configure failed (Result: 0, Expected: {integer: 1})
Sat Oct 22 19:59:03 UTC 2022 audit_flags_ex_configure failed (Result: 0, Expected: {integer: 1})
Sat Oct 22 19:59:03 UTC 2022 audit_flags_fd_configure failed (Result: 0, Expected: {integer: 1})
Sat Oct 22 19:59:04 UTC 2022 audit_flags_fm_configure failed (Result: 0, Expected: {integer: 1})
Sat Oct 22 19:59:04 UTC 2022 audit_flags_fr_configure failed (Result: 0, Expected: {integer: 1})
Sat Oct 22 19:59:04 UTC 2022 audit_flags_fw_configure failed (Result: 0, Expected: {integer: 1})
Sat Oct 22 19:59:05 UTC 2022 audit_flags_lo_configure passed (Result: 1, Expected: {integer: 1})
Sat Oct 22 19:59:05 UTC 2022 audit_retention_configure failed (Result: 10M, Expected: {string: 7d})
Sat Oct 22 19:59:06 UTC 2022 icloud_addressbook_disable failed (Result: , Expected: {string: false})
Sat Oct 22 19:59:06 UTC 2022 icloud_appleid_prefpane_disable failed (Result: 0, Expected: {integer: 1})
Sat Oct 22 19:59:07 UTC 2022 icloud_bookmarks_disable failed (Result: , Expected: {string: false})
Sat Oct 22 19:59:07 UTC 2022 icloud_calendar_disable failed (Result: 0, Expected: {integer: 1})
Sat Oct 22 19:59:07 UTC 2022 icloud_drive_disable failed (Result: , Expected: {string: false})
Sat Oct 22 19:59:08 UTC 2022 icloud_keychain_disable failed (Result: , Expected: {string: false})
Sat Oct 22 19:59:08 UTC 2022 icloud_mail_disable failed (Result: , Expected: {string: false})
Sat Oct 22 19:59:09 UTC 2022 icloud_notes_disable failed (Result: , Expected: {string: false})
Sat Oct 22 19:59:09 UTC 2022 icloud_photos_disable failed (Result: , Expected: {string: false})
Sat Oct 22 19:59:10 UTC 2022 icloud_reminders_disable failed (Result: , Expected: {string: false})
Sat Oct 22 19:59:10 UTC 2022 icloud_sync_disable failed (Result: , Expected: {string: false})
Sat Oct 22 19:59:11 UTC 2022 os_airdrop_disable failed (Result: , Expected: {string: false})
Sat Oct 22 19:59:11 UTC 2022 os_apple_mobile_file_integrity_enforce passed (Result: 0, Expected: {integer: 0})
Sat Oct 22 19:59:11 UTC 2022 os_appleid_prompt_disable failed (Result: , Expected: {string: true})
Sat Oct 22 19:59:12 UTC 2022 os_bonjour_disable failed (Result: , Expected: {string: true})
Sat Oct 22 19:59:12 UTC 2022 os_calendar_app_disable failed (Result: 0, Expected: {integer: 1})
Sat Oct 22 19:59:13 UTC 2022 os_config_data_install_enforce passed (Result: true, Expected: {string: true})
Sat Oct 22 19:59:13 UTC 2022 os_directory_services_configured failed (Result: 1, Expected: {integer: 0})
Sat Oct 22 19:59:13 UTC 2022 os_facetime_app_disable failed (Result: false, Expected: {string: true})
Sat Oct 22 19:59:14 UTC 2022 os_firewall_log_enable passed (Result: 1, Expected: {integer: 1})
Sat Oct 22 19:59:14 UTC 2022 os_gatekeeper_enable passed (Result: 1, Expected: {integer: 1})
Sat Oct 22 19:59:15 UTC 2022 os_gatekeeper_rearm failed (Result: , Expected: {string: true})
Sat Oct 22 19:59:15 UTC 2022 os_handoff_disable failed (Result: , Expected: {string: false})
Sat Oct 22 19:59:15 UTC 2022 os_httpd_disable failed (Result: 0, Expected: {integer: 1})
Sat Oct 22 19:59:16 UTC 2022 os_icloud_storage_prompt_disable failed (Result: , Expected: {string: true})
Sat Oct 22 19:59:16 UTC 2022 os_internet_accounts_prefpane_disable failed (Result: 0, Expected: {integer: 1})
Sat Oct 22 19:59:17 UTC 2022 os_ir_support_disable failed (Result: true, Expected: {string: false})
Sat Oct 22 19:59:17 UTC 2022 os_mail_app_disable failed (Result: false, Expected: {string: true})
Sat Oct 22 19:59:17 UTC 2022 os_mdm_require failed (Result: 0, Expected: {integer: 1})
Sat Oct 22 19:59:18 UTC 2022 os_messages_app_disable failed (Result: false, Expected: {string: true})
Sat Oct 22 19:59:18 UTC 2022 os_nfsd_disable failed (Result: 0, Expected: {integer: 1})
Sat Oct 22 19:59:19 UTC 2022 os_parental_controls_enable failed (Result: , Expected: {string: true})
Sat Oct 22 19:59:19 UTC 2022 os_password_autofill_disable failed (Result: , Expected: {string: false})
Sat Oct 22 19:59:20 UTC 2022 os_password_proximity_disable failed (Result: , Expected: {string: false})
Sat Oct 22 19:59:20 UTC 2022 os_password_sharing_disable failed (Result: , Expected: {string: false})
Sat Oct 22 19:59:20 UTC 2022 os_privacy_setup_prompt_disable failed (Result: , Expected: {string: true})
Sat Oct 22 19:59:21 UTC 2022 os_siri_prompt_disable failed (Result: , Expected: {string: true})
Sat Oct 22 19:59:21 UTC 2022 os_tftpd_disable failed (Result: 0, Expected: {integer: 1})
Sat Oct 22 19:59:22 UTC 2022 os_time_server_enabled passed (Result: 1, Expected: {integer: 1})
Sat Oct 22 19:59:22 UTC 2022 os_touchid_prompt_disable failed (Result: , Expected: {string: true})
Sat Oct 22 19:59:23 UTC 2022 os_uucp_disable failed (Result: 0, Expected: {integer: 1})
Sat Oct 22 19:59:23 UTC 2022 pwpolicy_account_inactivity_enforce failed (Result: , Expected: {integer: 35})
Sat Oct 22 19:59:24 UTC 2022 pwpolicy_account_lockout_enforce failed (Result: , Expected: {string: yes})
Sat Oct 22 19:59:24 UTC 2022 pwpolicy_account_lockout_timeout_enforce failed (Result: , Expected: {string: yes})
Sat Oct 22 19:59:24 UTC 2022 pwpolicy_alpha_numeric_enforce failed (Result: 0, Expected: {integer: 1})
Sat Oct 22 19:59:25 UTC 2022 pwpolicy_history_enforce failed (Result: , Expected: {string: yes})
Sat Oct 22 19:59:25 UTC 2022 pwpolicy_lower_case_character_enforce failed (Result: , Expected: {string: yes})
Sat Oct 22 19:59:26 UTC 2022 pwpolicy_max_lifetime_enforce failed (Result: , Expected: {integer: 60})
Sat Oct 22 19:59:26 UTC 2022 pwpolicy_minimum_length_enforce failed (Result: false, Expected: {string: true})
Sat Oct 22 19:59:26 UTC 2022 pwpolicy_minimum_lifetime_enforce failed (Result: , Expected: {string: yes})
Sat Oct 22 19:59:27 UTC 2022 pwpolicy_simple_sequence_disable failed (Result: 0, Expected: {integer: 1})
Sat Oct 22 19:59:27 UTC 2022 pwpolicy_special_character_enforce failed (Result: false, Expected: {string: true})
Sat Oct 22 19:59:27 UTC 2022 pwpolicy_upper_case_character_enforce failed (Result: , Expected: {string: yes})
Sat Oct 22 19:59:28 UTC 2022 sysprefs_ad_tracking_disable failed (Result: , Expected: {string: true})
Sat Oct 22 19:59:28 UTC 2022 sysprefs_afp_disable failed (Result: 0, Expected: {integer: 1})
Sat Oct 22 19:59:29 UTC 2022 sysprefs_bluetooth_disable failed (Result: , Expected: {string: true})
Sat Oct 22 19:59:29 UTC 2022 sysprefs_bluetooth_sharing_disable failed (Result: , Expected: {boolean: 0})
Sat Oct 22 19:59:30 UTC 2022 sysprefs_content_caching_disable failed (Result: , Expected: {string: false})
Sat Oct 22 19:59:30 UTC 2022 sysprefs_critical_update_install_enforce passed (Result: true, Expected: {string: true})
Sat Oct 22 19:59:31 UTC 2022 sysprefs_diagnostics_reports_disable failed (Result: false, Expected: {string: true})
Sat Oct 22 19:59:31 UTC 2022 sysprefs_filevault_enforce failed (Result: 0, Expected: {integer: 1})
Sat Oct 22 19:59:32 UTC 2022 sysprefs_find_my_disable failed (Result: false, Expected: {string: true})
Sat Oct 22 19:59:32 UTC 2022 sysprefs_firewall_enable failed (Result: 0, Expected: {integer: 1})
Sat Oct 22 19:59:32 UTC 2022 sysprefs_firewall_stealth_mode_enable failed (Result: 0, Expected: {integer: 1})
Sat Oct 22 19:59:33 UTC 2022 sysprefs_guest_access_afp_disable failed (Result: 0, Expected: {integer: 1})
Sat Oct 22 19:59:33 UTC 2022 sysprefs_guest_access_smb_disable failed (Result: , Expected: {boolean: 0})
Sat Oct 22 19:59:33 UTC 2022 sysprefs_guest_account_disable failed (Result: , Expected: {string: true})
Sat Oct 22 19:59:34 UTC 2022 sysprefs_improve_siri_dictation_disable failed (Result: , Expected: {integer: 2})
Sat Oct 22 19:59:34 UTC 2022 sysprefs_internet_sharing_disable failed (Result: , Expected: {string: true})
Sat Oct 22 19:59:35 UTC 2022 sysprefs_location_services_disable failed (Result: 1, Expected: {boolean: 0})
Sat Oct 22 19:59:35 UTC 2022 sysprefs_media_sharing_disabled passed (Result: 2, Expected: {integer: 2})
Sat Oct 22 19:59:36 UTC 2022 sysprefs_power_nap_disable failed (Result: , Expected: {integer: 0})
Sat Oct 22 19:59:36 UTC 2022 sysprefs_rae_disable failed (Result: 0, Expected: {integer: 1})
Sat Oct 22 19:59:36 UTC 2022 sysprefs_screen_sharing_disable failed (Result: 0, Expected: {integer: 1})
Sat Oct 22 19:59:37 UTC 2022 sysprefs_screensaver_timeout_enforce failed (Result: , Expected: {integer: 1200})
Sat Oct 22 19:59:37 UTC 2022 sysprefs_siri_disable failed (Result: , Expected: {string: false})
Sat Oct 22 19:59:38 UTC 2022 sysprefs_smbd_disable failed (Result: 0, Expected: {integer: 1})
Sat Oct 22 19:59:38 UTC 2022 sysprefs_time_server_configure failed (Result: , Expected: {string: time-a.nist.gov,time-b.nist.gov})
Sat Oct 22 19:59:38 UTC 2022 sysprefs_time_server_enforce failed (Result: , Expected: {string: true})
