Tue Oct 25 20:01:19 UTC 2022 Beginning cisv8 baseline scan
Tue Oct 25 20:01:21 UTC 2022 audit_auditd_enabled passed (Result: 1, Expected: {integer: 1})
Tue Oct 25 20:01:21 UTC 2022 audit_flags_aa_configure passed (Result: 1, Expected: {integer: 1})
Tue Oct 25 20:01:22 UTC 2022 audit_flags_ad_configure passed (Result: 1, Expected: {integer: 1})
Tue Oct 25 20:01:22 UTC 2022 audit_flags_ex_configure passed (Result: 1, Expected: {integer: 1})
Tue Oct 25 20:01:22 UTC 2022 audit_flags_fd_configure passed (Result: 1, Expected: {integer: 1})
Tue Oct 25 20:01:22 UTC 2022 audit_flags_fm_configure passed (Result: 1, Expected: {integer: 1})
Tue Oct 25 20:01:22 UTC 2022 audit_flags_fr_configure passed (Result: 1, Expected: {integer: 1})
Tue Oct 25 20:01:22 UTC 2022 audit_flags_fw_configure passed (Result: 1, Expected: {integer: 1})
Tue Oct 25 20:01:22 UTC 2022 audit_flags_lo_configure passed (Result: 1, Expected: {integer: 1})
Tue Oct 25 20:01:22 UTC 2022 audit_retention_configure passed (Result: 7d, Expected: {string: 7d})
Tue Oct 25 20:01:23 UTC 2022 icloud_addressbook_disable passed (Result: false, Expected: {string: false})
Tue Oct 25 20:01:23 UTC 2022 icloud_appleid_prefpane_disable passed (Result: 1, Expected: {integer: 1})
Tue Oct 25 20:01:23 UTC 2022 icloud_bookmarks_disable passed (Result: false, Expected: {string: false})
Tue Oct 25 20:01:23 UTC 2022 icloud_calendar_disable passed (Result: 1, Expected: {integer: 1})
Tue Oct 25 20:01:23 UTC 2022 icloud_drive_disable passed (Result: false, Expected: {string: false})
Tue Oct 25 20:01:23 UTC 2022 icloud_keychain_disable passed (Result: false, Expected: {string: false})
Tue Oct 25 20:01:24 UTC 2022 icloud_mail_disable passed (Result: false, Expected: {string: false})
Tue Oct 25 20:01:24 UTC 2022 icloud_notes_disable passed (Result: false, Expected: {string: false})
Tue Oct 25 20:01:24 UTC 2022 icloud_photos_disable passed (Result: false, Expected: {string: false})
Tue Oct 25 20:01:24 UTC 2022 icloud_reminders_disable passed (Result: false, Expected: {string: false})
Tue Oct 25 20:01:24 UTC 2022 icloud_sync_disable passed (Result: false, Expected: {string: false})
Tue Oct 25 20:01:25 UTC 2022 os_airdrop_disable passed (Result: false, Expected: {string: false})
Tue Oct 25 20:01:25 UTC 2022 os_apple_mobile_file_integrity_enforce passed (Result: 0, Expected: {integer: 0})
Tue Oct 25 20:01:25 UTC 2022 os_appleid_prompt_disable passed (Result: true, Expected: {string: true})
Tue Oct 25 20:01:25 UTC 2022 os_bonjour_disable passed (Result: true, Expected: {string: true})
Tue Oct 25 20:01:25 UTC 2022 os_calendar_app_disable passed (Result: 1, Expected: {integer: 1})
Tue Oct 25 20:01:25 UTC 2022 os_config_data_install_enforce passed (Result: true, Expected: {string: true})
Tue Oct 25 20:01:26 UTC 2022 os_directory_services_configured failed (Result: 1, Expected: {integer: 0})
Tue Oct 25 20:01:26 UTC 2022 os_facetime_app_disable passed (Result: true, Expected: {string: true})
Tue Oct 25 20:01:26 UTC 2022 os_firewall_log_enable passed (Result: 1, Expected: {integer: 1})
Tue Oct 25 20:01:26 UTC 2022 os_gatekeeper_enable passed (Result: 1, Expected: {integer: 1})
Tue Oct 25 20:01:26 UTC 2022 os_gatekeeper_rearm passed (Result: true, Expected: {string: true})
Tue Oct 25 20:01:26 UTC 2022 os_handoff_disable passed (Result: false, Expected: {string: false})
Tue Oct 25 20:01:27 UTC 2022 os_httpd_disable passed (Result: 1, Expected: {integer: 1})
Tue Oct 25 20:01:27 UTC 2022 os_icloud_storage_prompt_disable passed (Result: true, Expected: {string: true})
Tue Oct 25 20:01:27 UTC 2022 os_internet_accounts_prefpane_disable passed (Result: 1, Expected: {integer: 1})
Tue Oct 25 20:01:27 UTC 2022 os_ir_support_disable passed (Result: false, Expected: {string: false})
Tue Oct 25 20:01:27 UTC 2022 os_mail_app_disable passed (Result: true, Expected: {string: true})
Tue Oct 25 20:01:27 UTC 2022 os_mdm_require failed (Result: 0, Expected: {integer: 1})
Tue Oct 25 20:01:28 UTC 2022 os_messages_app_disable passed (Result: true, Expected: {string: true})
Tue Oct 25 20:01:28 UTC 2022 os_nfsd_disable passed (Result: 1, Expected: {integer: 1})
Tue Oct 25 20:01:28 UTC 2022 os_parental_controls_enable passed (Result: true, Expected: {string: true})
Tue Oct 25 20:01:28 UTC 2022 os_password_autofill_disable passed (Result: false, Expected: {string: false})
Tue Oct 25 20:01:28 UTC 2022 os_password_proximity_disable passed (Result: false, Expected: {string: false})
Tue Oct 25 20:01:28 UTC 2022 os_password_sharing_disable passed (Result: false, Expected: {string: false})
Tue Oct 25 20:01:29 UTC 2022 os_privacy_setup_prompt_disable passed (Result: true, Expected: {string: true})
Tue Oct 25 20:01:29 UTC 2022 os_siri_prompt_disable passed (Result: true, Expected: {string: true})
Tue Oct 25 20:01:29 UTC 2022 os_tftpd_disable passed (Result: 1, Expected: {integer: 1})
Tue Oct 25 20:01:29 UTC 2022 os_time_server_enabled passed (Result: 1, Expected: {integer: 1})
Tue Oct 25 20:01:29 UTC 2022 os_touchid_prompt_disable passed (Result: true, Expected: {string: true})
Tue Oct 25 20:01:29 UTC 2022 os_uucp_disable passed (Result: 1, Expected: {integer: 1})
Tue Oct 25 20:01:30 UTC 2022 pwpolicy_account_inactivity_enforce passed (Result: 35, Expected: {integer: 35})
Tue Oct 25 20:01:30 UTC 2022 pwpolicy_account_lockout_enforce failed (Result: no, Expected: {string: yes})
Tue Oct 25 20:01:30 UTC 2022 pwpolicy_account_lockout_timeout_enforce passed (Result: yes, Expected: {string: yes})
Tue Oct 25 20:01:30 UTC 2022 pwpolicy_alpha_numeric_enforce passed (Result: 1, Expected: {integer: 1})
Tue Oct 25 20:01:30 UTC 2022 pwpolicy_history_enforce passed (Result: yes, Expected: {string: yes})
Tue Oct 25 20:01:30 UTC 2022 pwpolicy_lower_case_character_enforce passed (Result: yes, Expected: {string: yes})
Tue Oct 25 20:01:30 UTC 2022 pwpolicy_max_lifetime_enforce failed (Result: 6060, Expected: {integer: 60})
Tue Oct 25 20:01:30 UTC 2022 pwpolicy_minimum_length_enforce passed (Result: true, Expected: {string: true})
Tue Oct 25 20:01:31 UTC 2022 pwpolicy_minimum_lifetime_enforce passed (Result: yes, Expected: {string: yes})
Tue Oct 25 20:01:31 UTC 2022 pwpolicy_simple_sequence_disable passed (Result: 1, Expected: {integer: 1})
Tue Oct 25 20:01:31 UTC 2022 pwpolicy_special_character_enforce passed (Result: true, Expected: {string: true})
Tue Oct 25 20:01:31 UTC 2022 pwpolicy_upper_case_character_enforce passed (Result: yes, Expected: {string: yes})
Tue Oct 25 20:01:31 UTC 2022 sysprefs_ad_tracking_disable passed (Result: true, Expected: {string: true})
Tue Oct 25 20:01:31 UTC 2022 sysprefs_afp_disable passed (Result: 1, Expected: {integer: 1})
Tue Oct 25 20:01:32 UTC 2022 sysprefs_bluetooth_disable passed (Result: true, Expected: {string: true})
Tue Oct 25 20:01:32 UTC 2022 sysprefs_bluetooth_sharing_disable passed (Result: 0, Expected: {boolean: 0})
Tue Oct 25 20:01:32 UTC 2022 sysprefs_content_caching_disable passed (Result: false, Expected: {string: false})
Tue Oct 25 20:01:32 UTC 2022 sysprefs_critical_update_install_enforce passed (Result: true, Expected: {string: true})
Tue Oct 25 20:01:32 UTC 2022 sysprefs_diagnostics_reports_disable passed (Result: true, Expected: {string: true})
Tue Oct 25 20:01:32 UTC 2022 sysprefs_filevault_enforce failed (Result: 0, Expected: {integer: 1})
Tue Oct 25 20:01:33 UTC 2022 sysprefs_find_my_disable passed (Result: true, Expected: {string: true})
Tue Oct 25 20:01:33 UTC 2022 sysprefs_firewall_enable passed (Result: 1, Expected: {integer: 1})
Tue Oct 25 20:01:33 UTC 2022 sysprefs_firewall_stealth_mode_enable passed (Result: 1, Expected: {integer: 1})
Tue Oct 25 20:01:33 UTC 2022 sysprefs_guest_access_afp_disable passed (Result: 1, Expected: {integer: 1})
Tue Oct 25 20:01:33 UTC 2022 sysprefs_guest_access_smb_disable passed (Result: 0, Expected: {boolean: 0})
Tue Oct 25 20:01:33 UTC 2022 sysprefs_guest_account_disable passed (Result: true, Expected: {string: true})
Tue Oct 25 20:01:34 UTC 2022 sysprefs_improve_siri_dictation_disable passed (Result: 2, Expected: {integer: 2})
Tue Oct 25 20:01:34 UTC 2022 sysprefs_internet_sharing_disable passed (Result: true, Expected: {string: true})
Tue Oct 25 20:01:34 UTC 2022 sysprefs_location_services_disable passed (Result: 0, Expected: {boolean: 0})
Tue Oct 25 20:01:34 UTC 2022 sysprefs_media_sharing_disabled passed (Result: 2, Expected: {integer: 2})
Tue Oct 25 20:01:34 UTC 2022 sysprefs_power_nap_disable failed (Result: , Expected: {integer: 0})
Tue Oct 25 20:01:34 UTC 2022 sysprefs_rae_disable passed (Result: 1, Expected: {integer: 1})
Tue Oct 25 20:01:35 UTC 2022 sysprefs_screen_sharing_disable passed (Result: 1, Expected: {integer: 1})
Tue Oct 25 20:01:35 UTC 2022 sysprefs_screensaver_timeout_enforce passed (Result: 1200, Expected: {integer: 1200})
Tue Oct 25 20:01:35 UTC 2022 sysprefs_siri_disable passed (Result: false, Expected: {string: false})
Tue Oct 25 20:01:35 UTC 2022 sysprefs_smbd_disable passed (Result: 1, Expected: {integer: 1})
Tue Oct 25 20:01:35 UTC 2022 sysprefs_time_server_configure passed (Result: time-a.nist.gov,time-b.nist.gov, Expected: {string: time-a.nist.gov,time-b.nist.gov})
Tue Oct 25 20:01:35 UTC 2022 sysprefs_time_server_enforce passed (Result: true, Expected: {string: true})
